INFO: Running with entropic power schedule (0xFF, 100).
INFO: Seed: 1246430383
INFO: Loaded 1 modules   (16897 inline 8-bit counters): 16897 [0x55a513378130, 0x55a51337c331), 
INFO: Loaded 1 PC tables (16897 PCs): 16897 [0x55a51337c338,0x55a5133be348), 
MERGE-OUTER: 11235 files, 0 in the initial corpus, 0 processed earlier
MERGE-OUTER: attempt 1
INFO: Running with entropic power schedule (0xFF, 100).
INFO: Seed: 1246493191
INFO: Loaded 1 modules   (16897 inline 8-bit counters): 16897 [0x562f151ed130, 0x562f151f1331), 
INFO: Loaded 1 PC tables (16897 PCs): 16897 [0x562f151f1338,0x562f15233348), 
INFO: -max_len is not provided; libFuzzer will not generate inputs larger than 1048576 bytes
MERGE-INNER: using the control file '/tmp/libFuzzerTemp.Merge165.txt'
MERGE-INNER: 11235 total files; 0 processed earlier; will process 11235 files now
#1	pulse  cov: 826 ft: 827 exec/s: 0 rss: 35Mb
#2	pulse  cov: 837 ft: 852 exec/s: 0 rss: 35Mb
#4	pulse  cov: 842 ft: 885 exec/s: 0 rss: 35Mb
#8	pulse  cov: 843 ft: 916 exec/s: 0 rss: 35Mb
#16	pulse  cov: 852 ft: 963 exec/s: 0 rss: 35Mb
#32	pulse  cov: 857 ft: 999 exec/s: 0 rss: 35Mb
#64	pulse  cov: 857 ft: 1019 exec/s: 0 rss: 35Mb
#128	pulse  cov: 871 ft: 1074 exec/s: 0 rss: 35Mb
#256	pulse  cov: 876 ft: 1079 exec/s: 0 rss: 35Mb
#512	pulse  cov: 876 ft: 1090 exec/s: 0 rss: 35Mb
#1024	pulse  cov: 876 ft: 1093 exec/s: 0 rss: 35Mb
#2048	pulse  cov: 876 ft: 1097 exec/s: 2048 rss: 35Mb
#4096	pulse  cov: 884 ft: 1126 exec/s: 1365 rss: 35Mb
#8192	pulse  cov: 884 ft: 1132 exec/s: 1170 rss: 35Mb
#11235	DONE   cov: 884 ft: 1132 exec/s: 1123 rss: 35Mb
MERGE-OUTER: successful in 1 attempt(s)
MERGE-OUTER: the control file has 1396087 bytes
MERGE-OUTER: consumed 0Mb (34Mb rss) to parse the control file
MERGE-OUTER: 48 new files with 1132 new features added; 884 new coverage edges
